samples/IdCaptureSettingsSample/build/intermediates/manifest_merge_blame_file/debug/manifest-merger-blame-debug-report.txt
1<?xml version="1.0" encoding="utf-8"?>
2<manifest xmlns:android="http://schemas.android.com/apk/res/android"
3    package="com.scandit.datacapture.idcapturesettingssample"
4    android:versionCode="1"
5    android:versionName="1.0" >
6
7    <uses-sdk
8        android:minSdkVersion="21"
8-->src/main/AndroidManifest.xml
9        android:targetSdkVersion="29" />
9-->src/main/AndroidManifest.xml
10
11    <uses-permission android:name="android.permission.CAMERA" />
11-->src/main/AndroidManifest.xml:5:5-64
11-->src/main/AndroidManifest.xml:5:22-62
12
13    <uses-feature android:name="android.hardware.camera" />
13-->src/main/AndroidManifest.xml:7:5-60
13-->src/main/AndroidManifest.xml:7:19-57
14
15    <uses-permission android:name="android.permission.ACCESS_NETWORK_STATE" />
15-->[:ScanditCaptureCore:] AndroidManifest.xml:11:5-79
15-->[:ScanditCaptureCore:] AndroidManifest.xml:11:22-76
16    <uses-permission android:name="android.permission.INTERNET" />
16-->[:ScanditCaptureCore:] AndroidManifest.xml:12:5-67
16-->[:ScanditCaptureCore:] AndroidManifest.xml:12:22-64
17    <uses-permission android:name="android.permission.VIBRATE" />
17-->[:ScanditCaptureCore:] AndroidManifest.xml:14:5-66
17-->[:ScanditCaptureCore:] AndroidManifest.xml:14:22-63
18
19    <uses-feature android:glEsVersion="0x00020000" />
19-->[:ScanditCaptureCore:] AndroidManifest.xml:16:5-54
19-->[:ScanditCaptureCore:] AndroidManifest.xml:16:19-51
20
21    <supports-screens
21-->[:ScanditTextCaptureBase:] AndroidManifest.xml:12:5-17:39
22        android:anyDensity="true"
22-->[:ScanditTextCaptureBase:] AndroidManifest.xml:13:9-34
23        android:largeScreens="true"
23-->[:ScanditTextCaptureBase:] AndroidManifest.xml:14:9-36
24        android:normalScreens="true"
24-->[:ScanditTextCaptureBase:] AndroidManifest.xml:15:9-37
25        android:resizeable="true"
25-->[:ScanditTextCaptureBase:] AndroidManifest.xml:16:9-34
26        android:smallScreens="true" />
26-->[:ScanditTextCaptureBase:] AndroidManifest.xml:17:9-36
27
28    <uses-permission android:name="android.permission.FLASHLIGHT" />
28-->[:ScanditTextCaptureBase:] AndroidManifest.xml:20:5-69
28-->[:ScanditTextCaptureBase:] AndroidManifest.xml:20:22-66
29
30    <uses-feature
30-->[:ScanditTextCaptureBase:] AndroidManifest.xml:25:5-27:36
31        android:name="android.hardware.camera.autofocus"
31-->[:ScanditTextCaptureBase:] AndroidManifest.xml:26:9-57
32        android:required="false" />
32-->[:ScanditTextCaptureBase:] AndroidManifest.xml:27:9-33
33    <uses-feature
33-->[:ScanditTextCaptureBase:] AndroidManifest.xml:28:5-30:36
34        android:name="android.hardware.camera.flash"
34-->[:ScanditTextCaptureBase:] AndroidManifest.xml:29:9-53
35        android:required="false" />
35-->[:ScanditTextCaptureBase:] AndroidManifest.xml:30:9-33
36
37    <application
37-->src/main/AndroidManifest.xml:9:5-23:19
38        android:allowBackup="true"
38-->src/main/AndroidManifest.xml:10:13-39
39        android:appComponentFactory="androidx.core.app.CoreComponentFactory"
39-->[androidx.core:core:1.5.0] AndroidManifest.xml:24:18-86
40        android:debuggable="true"
41        android:icon="@mipmap/ic_launcher"
41-->src/main/AndroidManifest.xml:11:13-47
42        android:label="@string/app_launcher_name"
42-->src/main/AndroidManifest.xml:12:13-54
43        android:largeHeap="true"
43-->[:ScanditTextCaptureBase:] AndroidManifest.xml:37:9-33
44        android:supportsRtl="true"
44-->src/main/AndroidManifest.xml:13:13-39
45        android:theme="@style/AppTheme" >
45-->src/main/AndroidManifest.xml:14:13-44
46        <activity android:name="com.scandit.datacapture.idcapturesettingssample.ui.MainActivity" >
46-->src/main/AndroidManifest.xml:15:9-22:20
46-->src/main/AndroidManifest.xml:16:17-48
47            <intent-filter>
47-->src/main/AndroidManifest.xml:17:13-21:29
48                <action android:name="android.intent.action.MAIN" />
48-->src/main/AndroidManifest.xml:18:17-68
48-->src/main/AndroidManifest.xml:18:25-66
49
50                <category android:name="android.intent.category.LAUNCHER" />
50-->src/main/AndroidManifest.xml:20:17-76
50-->src/main/AndroidManifest.xml:20:27-74
51            </intent-filter>
52        </activity>
53
54        <provider
54-->[:ScanditCaptureCore:] AndroidManifest.xml:19:9-22:40
55            android:name="com.scandit.datacapture.core.internal.sdk.init.CoreLibraryLoaderContentProvider"
55-->[:ScanditCaptureCore:] AndroidManifest.xml:20:13-107
56            android:authorities="com.scandit.datacapture.idcapturesettingssample.corelibraryloadercontentprovider"
56-->[:ScanditCaptureCore:] AndroidManifest.xml:21:13-84
57            android:exported="false" />
57-->[:ScanditCaptureCore:] AndroidManifest.xml:22:13-37
58        <provider
58-->[:ScanditIdCapture:] AndroidManifest.xml:16:9-19:40
59            android:name="com.scandit.datacapture.id.internal.sdk.init.IdLibraryLoaderContentProvider"
59-->[:ScanditIdCapture:] AndroidManifest.xml:17:13-103
60            android:authorities="com.scandit.datacapture.idcapturesettingssample.idlibraryloadercontentprovider"
60-->[:ScanditIdCapture:] AndroidManifest.xml:18:13-82
61            android:exported="false" />
61-->[:ScanditIdCapture:] AndroidManifest.xml:19:13-37
62
63        <activity
63-->[:ScanditTextCaptureBase:] AndroidManifest.xml:40:9-44:20
64            android:name="com.microblink.activity.DocumentScanActivity"
64-->[:ScanditTextCaptureBase:] AndroidManifest.xml:41:13-72
65            android:configChanges="orientation|screenSize"
65-->[:ScanditTextCaptureBase:] AndroidManifest.xml:42:13-59
66            android:screenOrientation="nosensor" >
66-->[:ScanditTextCaptureBase:] AndroidManifest.xml:43:13-49
67        </activity>
68        <activity
68-->[:ScanditTextCaptureBase:] AndroidManifest.xml:45:9-49:20
69            android:name="com.microblink.activity.BarcodeScanActivity"
69-->[:ScanditTextCaptureBase:] AndroidManifest.xml:46:13-71
70            android:configChanges="orientation|screenSize"
70-->[:ScanditTextCaptureBase:] AndroidManifest.xml:47:13-59
71            android:screenOrientation="nosensor" >
71-->[:ScanditTextCaptureBase:] AndroidManifest.xml:48:13-49
72        </activity>
73        <activity
73-->[:ScanditTextCaptureBase:] AndroidManifest.xml:50:9-54:20
74            android:name="com.microblink.activity.FieldByFieldScanActivity"
74-->[:ScanditTextCaptureBase:] AndroidManifest.xml:51:13-76
75            android:configChanges="orientation|screenSize"
75-->[:ScanditTextCaptureBase:] AndroidManifest.xml:52:13-59
76            android:screenOrientation="nosensor" >
76-->[:ScanditTextCaptureBase:] AndroidManifest.xml:53:13-49
77        </activity>
78        <activity
78-->[:ScanditTextCaptureBase:] AndroidManifest.xml:55:9-59:20
79            android:name="com.microblink.activity.DocumentVerificationActivity"
79-->[:ScanditTextCaptureBase:] AndroidManifest.xml:56:13-80
80            android:configChanges="orientation|screenSize"
80-->[:ScanditTextCaptureBase:] AndroidManifest.xml:57:13-59
81            android:screenOrientation="nosensor" >
81-->[:ScanditTextCaptureBase:] AndroidManifest.xml:58:13-49
82        </activity>
83        <activity
83-->[:ScanditTextCaptureBase:] AndroidManifest.xml:60:9-64:20
84            android:name="com.microblink.activity.BlinkCardActivity"
84-->[:ScanditTextCaptureBase:] AndroidManifest.xml:61:13-69
85            android:configChanges="orientation|screenSize"
85-->[:ScanditTextCaptureBase:] AndroidManifest.xml:62:13-59
86            android:screenOrientation="portrait" >
86-->[:ScanditTextCaptureBase:] AndroidManifest.xml:63:13-49
87        </activity>
88        <activity
88-->[:ScanditTextCaptureBase:] AndroidManifest.xml:65:9-69:20
89            android:name="com.microblink.activity.BlinkIdActivity"
89-->[:ScanditTextCaptureBase:] AndroidManifest.xml:66:13-67
90            android:configChanges="orientation|screenSize"
90-->[:ScanditTextCaptureBase:] AndroidManifest.xml:67:13-59
91            android:screenOrientation="sensor" >
91-->[:ScanditTextCaptureBase:] AndroidManifest.xml:68:13-47
92        </activity>
93        <activity
93-->[:ScanditTextCaptureBase:] AndroidManifest.xml:70:9-74:20
94            android:name="com.microblink.activity.DocumentCaptureActivity"
94-->[:ScanditTextCaptureBase:] AndroidManifest.xml:71:13-75
95            android:configChanges="orientation|screenSize"
95-->[:ScanditTextCaptureBase:] AndroidManifest.xml:72:13-59
96            android:screenOrientation="sensor" >
96-->[:ScanditTextCaptureBase:] AndroidManifest.xml:73:13-47
97        </activity>
98        <activity
98-->[:ScanditTextCaptureBase:] AndroidManifest.xml:75:9-78:70
99            android:name="com.microblink.activity.edit.BlinkCardEditActivity"
99-->[:ScanditTextCaptureBase:] AndroidManifest.xml:76:13-78
100            android:screenOrientation="portrait"
100-->[:ScanditTextCaptureBase:] AndroidManifest.xml:77:13-49
101            android:theme="@style/MB_theme_blink_card_edit_screen" />
101-->[:ScanditTextCaptureBase:] AndroidManifest.xml:78:13-67
102    </application>
103
104</manifest>